[13Jun2025 01:41:38.286] [main/INFO] [cpw.mods.modlauncher.Launcher/MODLAUNCHER]: ModLauncher running: args [--launchTarget, neoforgeclientdev, --version, 21.4.123, --assetIndex, 19, --assetsDir, C:\\Users\\Maxence\\.mcreator\\gradle\\caches\\neoformruntime\\assets, --gameDir, ., --fml.fmlVersion, 6.0.11, --fml.mcVersion, 1.21.4, --fml.neoForgeVersion, 21.4.123, --fml.neoFormVersion, 20241203.161809]
[13Jun2025 01:41:38.289] [main/INFO] [cpw.mods.modlauncher.Launcher/MODLAUNCHER]: JVM identified as Eclipse Adoptium OpenJDK 64-Bit Server VM 21.0.7+6-LTS
[13Jun2025 01:41:38.290] [main/INFO] [cpw.mods.modlauncher.Launcher/MODLAUNCHER]: ModLauncher 11.0.4+main.d2e20e43 starting: java version 21.0.7 by Eclipse Adoptium; OS Windows 11 arch amd64 version 10.0
[13Jun2025 01:41:38.447] [main/INFO] [net.neoforged.fml.loading.ImmediateWindowHandler/]: Loading ImmediateWindowProvider fmlearlywindow
[13Jun2025 01:41:38.547] [main/INFO] [EARLYDISPLAY/]: Trying GL version 4.6
[13Jun2025 01:41:38.656] [main/INFO] [EARLYDISPLAY/]: Requested GL version 4.6 got version 4.6
[13Jun2025 01:41:38.750] [main/INFO] [mixin/]: SpongePowered MIXIN Subsystem Version=0.8.7 Source=union:/C:/Users/Maxence/.mcreator/gradle/caches/modules-2/files-2.1/net.fabricmc/sponge-mixin/0.15.2+mixin.0.8.7/2af2f021d8e02a0220dc27a7a72b4666d66d44ca/sponge-mixin-0.15.2+mixin.0.8.7.jar%23162!/ Service=ModLauncher Env=CLIENT
[13Jun2025 01:41:38.924] [pool-2-thread-1/INFO] [EARLYDISPLAY/]: GL info: AMD Radeon RX 7600 XT GL version 4.6.0 Core Profile Context 25.6.1.250522, ATI Technologies Inc.
[13Jun2025 01:41:39.165] [main/INFO] [net.neoforged.fml.loading.moddiscovery.locators.JarInJarDependencyLocator/]: Found 2 dependencies adding them to mods collection
[13Jun2025 01:41:39.167] [main/INFO] [net.neoforged.fml.loading.moddiscovery.ModDiscoverer/]: 
     Mod List:
		Name Version (Mod Id)

		adm 1.0.0 (adm)
		Minecraft 1.21.4 (minecraft)
		NeoForge 21.4.123 (neoforge)
[13Jun2025 01:41:40.003] [main/INFO] [cpw.mods.modlauncher.LaunchServiceHandler/MODLAUNCHER]: Launching target 'neoforgeclientdev' with arguments [--version, 21.4.123, --gameDir, ., --assetsDir, C:\Users\Maxence\.mcreator\gradle\caches\neoformruntime\assets, --assetIndex, 19]
[13Jun2025 01:41:42.276] [Datafixer Bootstrap/INFO] [com.mojang.datafixers.DataFixerBuilder/]: 246 Datafixer optimizations took 424 milliseconds
[13Jun2025 01:41:42.632] [pool-7-thread-1/INFO] [MixinExtras|Service/]: Initializing MixinExtras via com.llamalad7.mixinextras.service.MixinExtrasServiceImpl(version=0.4.1).
[13Jun2025 01:41:47.558] [main/WARN] [net.minecraft.commands.Commands/]: Ambiguity between arguments [teleport, location] and [teleport, destination] with inputs: [0.1 -0.5 .9, 0 0 0]
[13Jun2025 01:41:47.560] [main/WARN] [net.minecraft.commands.Commands/]: Ambiguity between arguments [teleport, location] and [teleport, targets] with inputs: [0.1 -0.5 .9, 0 0 0]
[13Jun2025 01:41:47.562] [main/WARN] [net.minecraft.commands.Commands/]: Ambiguity between arguments [teleport, destination] and [teleport, targets] with inputs: [Player, 0123, @e, dd12be42-52a9-4a91-a8a1-11c01849e498]
[13Jun2025 01:41:47.563] [main/WARN] [net.minecraft.commands.Commands/]: Ambiguity between arguments [teleport, targets] and [teleport, destination] with inputs: [Player, 0123, dd12be42-52a9-4a91-a8a1-11c01849e498]
[13Jun2025 01:41:47.572] [main/WARN] [net.minecraft.commands.Commands/]: Ambiguity between arguments [teleport, targets, location] and [teleport, targets, destination] with inputs: [0.1 -0.5 .9, 0 0 0]
[13Jun2025 01:41:47.684] [Render thread/WARN] [net.minecraft.server.packs.VanillaPackResourcesBuilder/]: Assets URL 'union:/C:/Users/Maxence/MCreatorWorkspaces/adm/build/moddev/artifacts/neoforge-21.4.123.jar%23215!/assets/.mcassetsroot' uses unexpected schema
[13Jun2025 01:41:47.684] [Render thread/WARN] [net.minecraft.server.packs.VanillaPackResourcesBuilder/]: Assets URL 'union:/C:/Users/Maxence/MCreatorWorkspaces/adm/build/moddev/artifacts/neoforge-21.4.123.jar%23215!/data/.mcassetsroot' uses unexpected schema
[13Jun2025 01:41:47.731] [Render thread/INFO] [com.mojang.authlib.yggdrasil.YggdrasilAuthenticationService/]: Environment: Environment[sessionHost=https://sessionserver.mojang.com, servicesHost=https://api.minecraftservices.com, name=PROD]
[13Jun2025 01:41:47.744] [Render thread/INFO] [net.minecraft.client.Minecraft/]: Setting user: Dev
[13Jun2025 01:41:47.860] [Render thread/INFO] [net.minecraft.client.Minecraft/]: Backend library: LWJGL version 3.3.3+5
[13Jun2025 01:41:48.211] [modloading-worker-0/INFO] [net.neoforged.neoforge.common.NeoForgeMod/NEOFORGE-MOD]: NeoForge mod loading, version 21.4.123, for MC 1.21.4
[13Jun2025 01:41:48.471] [modloading-sync-worker/WARN] [net.neoforged.fml.config.ConfigTracker/CONFIG]: Configuration file C:\Users\Maxence\MCreatorWorkspaces\adm\run\config\neoforge-client.toml is not correct. Correcting
[13Jun2025 01:41:48.485] [modloading-sync-worker/WARN] [net.neoforged.fml.config.ConfigTracker/CONFIG]: Configuration file C:\Users\Maxence\MCreatorWorkspaces\adm\run\config\neoforge-common.toml is not correct. Correcting
[13Jun2025 01:41:48.906] [Render thread/INFO] [net.neoforged.neoforge.gametest.GameTestHooks/]: Enabled Gametest Namespaces: []
[13Jun2025 01:41:49.113] [Render thread/INFO] [net.minecraft.server.packs.resources.ReloadableResourceManager/]: Reloading ResourceManager: vanilla, mod_resources, mod/neoforge, mod/adm
[13Jun2025 01:41:49.288] [resourceLoad/INFO] [net.minecraft.client.gui.font.providers.UnihexProvider/]: Found unifont_jp_patch-16.0.01.hex, loading
[13Jun2025 01:41:49.288] [resourceLoad/INFO] [net.minecraft.client.gui.font.providers.UnihexProvider/]: Found unifont_all_no_pua-16.0.01.hex, loading
[13Jun2025 01:41:50.792] [Render thread/INFO] [com.mojang.blaze3d.audio.Library/]: OpenAL initialized on device OpenAL Soft on Casque (WH202A)
[13Jun2025 01:41:50.793] [Render thread/INFO] [net.minecraft.client.sounds.SoundEngine/SOUNDS]: Sound engine started
[13Jun2025 01:41:50.867] [Render thread/INFO] [net.minecraft.client.renderer.texture.TextureAtlas/]: Created: 1024x512x2 minecraft:textures/atlas/blocks.png-atlas
[13Jun2025 01:41:50.871] [Render thread/INFO] [net.minecraft.client.renderer.texture.TextureAtlas/]: Created: 256x256x2 minecraft:textures/atlas/signs.png-atlas
[13Jun2025 01:41:50.871] [Render thread/INFO] [net.minecraft.client.renderer.texture.TextureAtlas/]: Created: 512x512x2 minecraft:textures/atlas/shield_patterns.png-atlas
[13Jun2025 01:41:50.872] [Render thread/INFO] [net.minecraft.client.renderer.texture.TextureAtlas/]: Created: 512x512x2 minecraft:textures/atlas/banner_patterns.png-atlas
[13Jun2025 01:41:50.872] [Render thread/INFO] [net.minecraft.client.renderer.texture.TextureAtlas/]: Created: 2048x1024x2 minecraft:textures/atlas/armor_trims.png-atlas
[13Jun2025 01:41:50.878] [Render thread/INFO] [net.minecraft.client.renderer.texture.TextureAtlas/]: Created: 128x64x2 minecraft:textures/atlas/decorated_pot.png-atlas
[13Jun2025 01:41:50.878] [Render thread/INFO] [net.minecraft.client.renderer.texture.TextureAtlas/]: Created: 256x256x2 minecraft:textures/atlas/chest.png-atlas
[13Jun2025 01:41:50.878] [Render thread/INFO] [net.minecraft.client.renderer.texture.TextureAtlas/]: Created: 512x256x2 minecraft:textures/atlas/shulker_boxes.png-atlas
[13Jun2025 01:41:50.878] [Render thread/INFO] [net.minecraft.client.renderer.texture.TextureAtlas/]: Created: 512x256x2 minecraft:textures/atlas/beds.png-atlas
[13Jun2025 01:41:50.880] [Render thread/INFO] [net.minecraft.client.renderer.texture.TextureAtlas/]: Created: 64x64x0 minecraft:textures/atlas/map_decorations.png-atlas
[13Jun2025 01:41:51.038] [Render thread/INFO] [net.minecraft.client.renderer.texture.TextureAtlas/]: Created: 512x256x0 minecraft:textures/atlas/particles.png-atlas
[13Jun2025 01:41:51.039] [Render thread/INFO] [net.minecraft.client.renderer.texture.TextureAtlas/]: Created: 512x256x0 minecraft:textures/atlas/paintings.png-atlas
[13Jun2025 01:41:51.040] [Render thread/INFO] [net.minecraft.client.renderer.texture.TextureAtlas/]: Created: 256x128x0 minecraft:textures/atlas/mob_effects.png-atlas
[13Jun2025 01:41:51.040] [Render thread/INFO] [net.minecraft.client.renderer.texture.TextureAtlas/]: Created: 1024x512x0 minecraft:textures/atlas/gui.png-atlas
[13Jun2025 01:41:51.042] [Render thread/INFO] [net.neoforged.neoforge.client.entity.animation.json.AnimationLoader/]: Loaded 0 entity animations
[13Jun2025 01:42:02.303] [Render thread/INFO] [net.minecraft.world.item.crafting.RecipeManager/]: Loaded 1370 recipes
[13Jun2025 01:42:02.322] [Render thread/INFO] [net.minecraft.advancements.AdvancementTree/]: Loaded 1481 advancements
[13Jun2025 01:42:02.329] [Render thread/INFO] [net.neoforged.neoforge.common.crafting.RecipePriorityManager/]: Loaded 0 recipe priority overrides
[13Jun2025 01:42:08.200] [Server thread/INFO] [net.minecraft.client.server.IntegratedServer/]: Starting integrated minecraft server version 1.21.4
[13Jun2025 01:42:08.200] [Server thread/INFO] [net.minecraft.server.MinecraftServer/]: Generating keypair
[13Jun2025 01:42:08.907] [Server thread/INFO] [net.minecraft.server.MinecraftServer/]: Preparing start region for dimension minecraft:overworld
[13Jun2025 01:42:08.966] [progressListener/INFO] [net.minecraft.server.level.progress.LoggerChunkProgressListener/]: Préparation de la zone d'apparition : 2 %
[13Jun2025 01:42:09.128] [progressListener/INFO] [net.minecraft.server.level.progress.LoggerChunkProgressListener/]: Time elapsed: 213 ms
[13Jun2025 01:42:09.132] [Server thread/INFO] [net.neoforged.neoforge.server.permission.PermissionAPI/]: Successfully initialized permission handler neoforge:default_handler
[13Jun2025 01:42:09.218] [Server thread/INFO] [net.minecraft.client.server.IntegratedServer/]: Changing view distance to 5, from 10
[13Jun2025 01:42:09.219] [Server thread/INFO] [net.minecraft.client.server.IntegratedServer/]: Changing simulation distance to 12, from 0
[13Jun2025 01:42:09.956] [Server thread/INFO] [net.minecraft.server.players.PlayerList/]: Dev[local:E:2a69c1bd] logged in with entity id 1 at (-0.5, -60.0, -3.5)
[13Jun2025 01:42:10.010] [Server thread/INFO] [net.minecraft.server.MinecraftServer/]: Dev a rejoint la partie
[13Jun2025 01:42:10.266] [Render thread/INFO] [net.minecraft.advancements.AdvancementTree/]: Loaded 2 advancements
[13Jun2025 01:42:14.290] [Render thread/INFO] [net.minecraft.advancements.AdvancementTree/]: Loaded 4 advancements
[13Jun2025 01:42:14.988] [Render thread/INFO] [net.minecraft.advancements.AdvancementTree/]: Loaded 5 advancements
[13Jun2025 01:42:15.687] [Render thread/INFO] [net.minecraft.advancements.AdvancementTree/]: Loaded 6 advancements
[13Jun2025 01:42:35.336] [Server thread/INFO] [net.minecraft.client.server.IntegratedServer/]: Saving and pausing game...
[13Jun2025 01:42:35.358] [Server thread/INFO] [net.minecraft.server.MinecraftServer/]: Saving chunks for level 'ServerLevel[Nouveau monde]'/minecraft:overworld
[13Jun2025 01:42:35.368] [Server thread/INFO] [net.minecraft.server.MinecraftServer/]: Saving chunks for level 'ServerLevel[Nouveau monde]'/minecraft:the_end
[13Jun2025 01:42:35.368] [Server thread/INFO] [net.minecraft.server.MinecraftServer/]: Saving chunks for level 'ServerLevel[Nouveau monde]'/minecraft:the_nether
[13Jun2025 01:42:36.037] [Server thread/INFO] [net.minecraft.server.network.ServerGamePacketListenerImpl/]: Dev lost connection: Déconnecté(e)
[13Jun2025 01:42:36.038] [Server thread/INFO] [net.minecraft.server.MinecraftServer/]: Dev a quitté la partie
[13Jun2025 01:42:36.051] [Server thread/INFO] [net.minecraft.server.network.ServerCommonPacketListenerImpl/]: Stopping singleplayer server as player logged out
[13Jun2025 01:42:36.086] [Server thread/INFO] [net.minecraft.server.MinecraftServer/]: Stopping server
[13Jun2025 01:42:36.087] [Server thread/INFO] [net.minecraft.server.MinecraftServer/]: Saving players
[13Jun2025 01:42:36.087] [Server thread/INFO] [net.minecraft.server.MinecraftServer/]: Saving worlds
[13Jun2025 01:42:36.931] [Server thread/INFO] [net.minecraft.server.MinecraftServer/]: Saving chunks for level 'ServerLevel[Nouveau monde]'/minecraft:overworld
[13Jun2025 01:42:36.949] [Server thread/INFO] [net.minecraft.server.MinecraftServer/]: Saving chunks for level 'ServerLevel[Nouveau monde]'/minecraft:the_end
[13Jun2025 01:42:36.955] [Server thread/INFO] [net.minecraft.server.MinecraftServer/]: Saving chunks for level 'ServerLevel[Nouveau monde]'/minecraft:the_nether
[13Jun2025 01:42:36.965] [Server thread/INFO] [net.minecraft.server.MinecraftServer/]: ThreadedAnvilChunkStorage (Nouveau monde (3)): All chunks are saved
[13Jun2025 01:42:36.965] [Server thread/INFO] [net.minecraft.server.MinecraftServer/]: ThreadedAnvilChunkStorage (DIM1): All chunks are saved
[13Jun2025 01:42:36.966] [Server thread/INFO] [net.minecraft.server.MinecraftServer/]: ThreadedAnvilChunkStorage (DIM-1): All chunks are saved
[13Jun2025 01:42:36.966] [Server thread/INFO] [net.minecraft.server.MinecraftServer/]: ThreadedAnvilChunkStorage: All dimensions are saved
[13Jun2025 01:42:37.635] [Render thread/INFO] [net.minecraft.client.Minecraft/]: Stopping!
